
*** Running vivado
    with args -log maquina_contador.vds -m64 -product Vivado -mode batch -messageDb vivado.pb -notrace -source maquina_contador.tcl


****** Vivado v2018.2 (64-bit)
  **** SW Build 2258646 on Thu Jun 14 20:03:12 MDT 2018
  **** IP Build 2256618 on Thu Jun 14 22:10:49 MDT 2018
    ** Copyright 1986-2018 Xilinx, Inc. All Rights Reserved.

source maquina_contador.tcl -notrace
Command: synth_design -top maquina_contador -part xc7a100tcsg324-1
Starting synth_design
Attempting to get a license for feature 'Synthesis' and/or device 'xc7a100t'
INFO: [Common 17-349] Got license for feature 'Synthesis' and/or device 'xc7a100t'
INFO: Launching helper process for spawning children vivado processes
INFO: Helper process launched with PID 2620 
---------------------------------------------------------------------------------
Starting RTL Elaboration : Time (s): cpu = 00:00:02 ; elapsed = 00:00:03 . Memory (MB): peak = 371.652 ; gain = 98.199
---------------------------------------------------------------------------------
INFO: [Synth 8-638] synthesizing module 'maquina_contador' [C:/Users/Mario/Desktop/Trabajo_conMejoras/Trabajo_conMejoras.srcs/sources_1/new/maquina_contador.vhd:46]
WARNING: [Synth 8-5640] Port 'counter' is missing in component declaration [C:/Users/Mario/Desktop/Trabajo_conMejoras/Trabajo_conMejoras.srcs/sources_1/new/maquina_contador.vhd:54]
INFO: [Synth 8-3491] module 'PulsadorAntiRebotes' declared at 'C:/Users/Mario/Desktop/Trabajo_conMejoras/Trabajo_conMejoras.srcs/sources_1/new/PulsadorAntiRebotes.vhd:38' bound to instance 'pulsador' of component 'PulsadorAntiRebotes' [C:/Users/Mario/Desktop/Trabajo_conMejoras/Trabajo_conMejoras.srcs/sources_1/new/maquina_contador.vhd:86]
INFO: [Synth 8-638] synthesizing module 'PulsadorAntiRebotes' [C:/Users/Mario/Desktop/Trabajo_conMejoras/Trabajo_conMejoras.srcs/sources_1/new/PulsadorAntiRebotes.vhd:48]
INFO: [Synth 8-256] done synthesizing module 'PulsadorAntiRebotes' (1#1) [C:/Users/Mario/Desktop/Trabajo_conMejoras/Trabajo_conMejoras.srcs/sources_1/new/PulsadorAntiRebotes.vhd:48]
INFO: [Synth 8-3491] module 'just_counter' declared at 'C:/Users/Mario/Desktop/Trabajo_conMejoras/Trabajo_conMejoras.srcs/sources_1/new/just_counter.vhd:4' bound to instance 'modulo_contador' of component 'just_counter' [C:/Users/Mario/Desktop/Trabajo_conMejoras/Trabajo_conMejoras.srcs/sources_1/new/maquina_contador.vhd:98]
INFO: [Synth 8-638] synthesizing module 'just_counter' [C:/Users/Mario/Desktop/Trabajo_conMejoras/Trabajo_conMejoras.srcs/sources_1/new/just_counter.vhd:16]
INFO: [Synth 8-3491] module 'clkdivider1000' declared at 'C:/Users/Mario/Desktop/Trabajo_conMejoras/Trabajo_conMejoras.srcs/sources_1/new/clk_divider1000.vhd:4' bound to instance 'clk1' of component 'clkdivider1000' [C:/Users/Mario/Desktop/Trabajo_conMejoras/Trabajo_conMejoras.srcs/sources_1/new/just_counter.vhd:93]
INFO: [Synth 8-638] synthesizing module 'clkdivider1000' [C:/Users/Mario/Desktop/Trabajo_conMejoras/Trabajo_conMejoras.srcs/sources_1/new/clk_divider1000.vhd:12]
INFO: [Synth 8-256] done synthesizing module 'clkdivider1000' (2#1) [C:/Users/Mario/Desktop/Trabajo_conMejoras/Trabajo_conMejoras.srcs/sources_1/new/clk_divider1000.vhd:12]
INFO: [Synth 8-3491] module 'clkdivider1' declared at 'C:/Users/Mario/Desktop/Trabajo_conMejoras/Trabajo_conMejoras.srcs/sources_1/new/clk_divider1.vhd:4' bound to instance 'clk2' of component 'clkdivider1' [C:/Users/Mario/Desktop/Trabajo_conMejoras/Trabajo_conMejoras.srcs/sources_1/new/just_counter.vhd:98]
INFO: [Synth 8-638] synthesizing module 'clkdivider1' [C:/Users/Mario/Desktop/Trabajo_conMejoras/Trabajo_conMejoras.srcs/sources_1/new/clk_divider1.vhd:12]
INFO: [Synth 8-256] done synthesizing module 'clkdivider1' (3#1) [C:/Users/Mario/Desktop/Trabajo_conMejoras/Trabajo_conMejoras.srcs/sources_1/new/clk_divider1.vhd:12]
	Parameter width bound to: 4 - type: integer 
INFO: [Synth 8-3491] module 'bin_counter' declared at 'C:/Users/Mario/Desktop/Trabajo_conMejoras/Trabajo_conMejoras.srcs/sources_1/new/bin_counter.vhd:35' bound to instance 'countunid' of component 'bin_counter' [C:/Users/Mario/Desktop/Trabajo_conMejoras/Trabajo_conMejoras.srcs/sources_1/new/just_counter.vhd:105]
INFO: [Synth 8-638] synthesizing module 'bin_counter' [C:/Users/Mario/Desktop/Trabajo_conMejoras/Trabajo_conMejoras.srcs/sources_1/new/bin_counter.vhd:48]
	Parameter width bound to: 4 - type: integer 
WARNING: [Synth 8-614] signal 'cuenta' is read in the process but is not in the sensitivity list [C:/Users/Mario/Desktop/Trabajo_conMejoras/Trabajo_conMejoras.srcs/sources_1/new/bin_counter.vhd:54]
INFO: [Synth 8-256] done synthesizing module 'bin_counter' (4#1) [C:/Users/Mario/Desktop/Trabajo_conMejoras/Trabajo_conMejoras.srcs/sources_1/new/bin_counter.vhd:48]
	Parameter width bound to: 4 - type: integer 
INFO: [Synth 8-3491] module 'bin_counter' declared at 'C:/Users/Mario/Desktop/Trabajo_conMejoras/Trabajo_conMejoras.srcs/sources_1/new/bin_counter.vhd:35' bound to instance 'countdec' of component 'bin_counter' [C:/Users/Mario/Desktop/Trabajo_conMejoras/Trabajo_conMejoras.srcs/sources_1/new/just_counter.vhd:114]
	Parameter width bound to: 4 - type: integer 
INFO: [Synth 8-3491] module 'bin_counter' declared at 'C:/Users/Mario/Desktop/Trabajo_conMejoras/Trabajo_conMejoras.srcs/sources_1/new/bin_counter.vhd:35' bound to instance 'countcent' of component 'bin_counter' [C:/Users/Mario/Desktop/Trabajo_conMejoras/Trabajo_conMejoras.srcs/sources_1/new/just_counter.vhd:122]
	Parameter width bound to: 4 - type: integer 
INFO: [Synth 8-3491] module 'bin_counter' declared at 'C:/Users/Mario/Desktop/Trabajo_conMejoras/Trabajo_conMejoras.srcs/sources_1/new/bin_counter.vhd:35' bound to instance 'countmil' of component 'bin_counter' [C:/Users/Mario/Desktop/Trabajo_conMejoras/Trabajo_conMejoras.srcs/sources_1/new/just_counter.vhd:130]
INFO: [Synth 8-3491] module 'bcd7seg' declared at 'C:/Users/Mario/Desktop/Trabajo_conMejoras/Trabajo_conMejoras.srcs/sources_1/new/bcd7seg.vhd:23' bound to instance 'decodificadorunidades' of component 'bcd7seg' [C:/Users/Mario/Desktop/Trabajo_conMejoras/Trabajo_conMejoras.srcs/sources_1/new/just_counter.vhd:137]
INFO: [Synth 8-638] synthesizing module 'bcd7seg' [C:/Users/Mario/Desktop/Trabajo_conMejoras/Trabajo_conMejoras.srcs/sources_1/new/bcd7seg.vhd:30]
INFO: [Synth 8-226] default block is never used [C:/Users/Mario/Desktop/Trabajo_conMejoras/Trabajo_conMejoras.srcs/sources_1/new/bcd7seg.vhd:35]
INFO: [Synth 8-256] done synthesizing module 'bcd7seg' (5#1) [C:/Users/Mario/Desktop/Trabajo_conMejoras/Trabajo_conMejoras.srcs/sources_1/new/bcd7seg.vhd:30]
INFO: [Synth 8-3491] module 'bcd7seg' declared at 'C:/Users/Mario/Desktop/Trabajo_conMejoras/Trabajo_conMejoras.srcs/sources_1/new/bcd7seg.vhd:23' bound to instance 'decodificadordecenas' of component 'bcd7seg' [C:/Users/Mario/Desktop/Trabajo_conMejoras/Trabajo_conMejoras.srcs/sources_1/new/just_counter.vhd:142]
INFO: [Synth 8-3491] module 'bcd7seg' declared at 'C:/Users/Mario/Desktop/Trabajo_conMejoras/Trabajo_conMejoras.srcs/sources_1/new/bcd7seg.vhd:23' bound to instance 'decodificadorcentenas' of component 'bcd7seg' [C:/Users/Mario/Desktop/Trabajo_conMejoras/Trabajo_conMejoras.srcs/sources_1/new/just_counter.vhd:147]
INFO: [Synth 8-3491] module 'bcd7seg' declared at 'C:/Users/Mario/Desktop/Trabajo_conMejoras/Trabajo_conMejoras.srcs/sources_1/new/bcd7seg.vhd:23' bound to instance 'decodificadormillares' of component 'bcd7seg' [C:/Users/Mario/Desktop/Trabajo_conMejoras/Trabajo_conMejoras.srcs/sources_1/new/just_counter.vhd:151]
INFO: [Synth 8-3491] module 'DisplayRefresh' declared at 'C:/Users/Mario/Desktop/Trabajo_conMejoras/Trabajo_conMejoras.srcs/sources_1/new/DisplayRefresh.vhd:35' bound to instance 'displayRe' of component 'DisplayRefresh' [C:/Users/Mario/Desktop/Trabajo_conMejoras/Trabajo_conMejoras.srcs/sources_1/new/just_counter.vhd:156]
INFO: [Synth 8-638] synthesizing module 'DisplayRefresh' [C:/Users/Mario/Desktop/Trabajo_conMejoras/Trabajo_conMejoras.srcs/sources_1/new/DisplayRefresh.vhd:47]
INFO: [Synth 8-256] done synthesizing module 'DisplayRefresh' (6#1) [C:/Users/Mario/Desktop/Trabajo_conMejoras/Trabajo_conMejoras.srcs/sources_1/new/DisplayRefresh.vhd:47]
INFO: [Synth 8-256] done synthesizing module 'just_counter' (7#1) [C:/Users/Mario/Desktop/Trabajo_conMejoras/Trabajo_conMejoras.srcs/sources_1/new/just_counter.vhd:16]
WARNING: [Synth 8-614] signal 'state_register' is read in the process but is not in the sensitivity list [C:/Users/Mario/Desktop/Trabajo_conMejoras/Trabajo_conMejoras.srcs/sources_1/new/maquina_contador.vhd:113]
WARNING: [Synth 8-614] signal 'salida_antirrebotes' is read in the process but is not in the sensitivity list [C:/Users/Mario/Desktop/Trabajo_conMejoras/Trabajo_conMejoras.srcs/sources_1/new/maquina_contador.vhd:113]
INFO: [Synth 8-256] done synthesizing module 'maquina_contador' (8#1) [C:/Users/Mario/Desktop/Trabajo_conMejoras/Trabajo_conMejoras.srcs/sources_1/new/maquina_contador.vhd:46]
---------------------------------------------------------------------------------
Finished RTL Elaboration : Time (s): cpu = 00:00:03 ; elapsed = 00:00:03 . Memory (MB): peak = 427.219 ; gain = 153.766
---------------------------------------------------------------------------------

Report Check Netlist: 
+------+------------------+-------+---------+-------+------------------+
|      |Item              |Errors |Warnings |Status |Description       |
+------+------------------+-------+---------+-------+------------------+
|1     |multi_driven_nets |      0|        0|Passed |Multi driven nets |
+------+------------------+-------+---------+-------+------------------+
---------------------------------------------------------------------------------
Start Handling Custom Attributes
---------------------------------------------------------------------------------
---------------------------------------------------------------------------------
Finished Handling Custom Attributes : Time (s): cpu = 00:00:03 ; elapsed = 00:00:04 . Memory (MB): peak = 427.219 ; gain = 153.766
---------------------------------------------------------------------------------
---------------------------------------------------------------------------------
Finished RTL Optimization Phase 1 : Time (s): cpu = 00:00:03 ; elapsed = 00:00:04 . Memory (MB): peak = 427.219 ; gain = 153.766
---------------------------------------------------------------------------------
INFO: [Device 21-403] Loading part xc7a100tcsg324-1
INFO: [Project 1-570] Preparing netlist for logic optimization

Processing XDC Constraints
Initializing timing engine
Parsing XDC File [C:/Users/Mario/Desktop/Mario/4º Primer Cuatri/Sistemas Electronicos Digitales/digilent-xdc-master/Nexys-4-DDR-Master.xdc]
Finished Parsing XDC File [C:/Users/Mario/Desktop/Mario/4º Primer Cuatri/Sistemas Electronicos Digitales/digilent-xdc-master/Nexys-4-DDR-Master.xdc]
INFO: [Project 1-236] Implementation specific constraints were found while reading constraint file [C:/Users/Mario/Desktop/Mario/4º Primer Cuatri/Sistemas Electronicos Digitales/digilent-xdc-master/Nexys-4-DDR-Master.xdc]. These constraints will be ignored for synthesis but will be used in implementation. Impacted constraints are listed in the file [.Xil/maquina_contador_propImpl.xdc].
Resolution: To avoid this warning, move constraints listed in [.Xil/maquina_contador_propImpl.xdc] to another XDC file and exclude this new file from synthesis with the used_in_synthesis property (File Properties dialog in GUI) and re-run elaboration/synthesis.
Completed Processing XDC Constraints

INFO: [Project 1-111] Unisim Transformation Summary:
No Unisim elements were transformed.

Constraint Validation Runtime : Time (s): cpu = 00:00:00 ; elapsed = 00:00:00.002 . Memory (MB): peak = 771.426 ; gain = 0.000
---------------------------------------------------------------------------------
Finished Constraint Validation : Time (s): cpu = 00:00:12 ; elapsed = 00:00:14 . Memory (MB): peak = 771.426 ; gain = 497.973
---------------------------------------------------------------------------------
---------------------------------------------------------------------------------
Start Loading Part and Timing Information
---------------------------------------------------------------------------------
Loading part: xc7a100tcsg324-1
---------------------------------------------------------------------------------
Finished Loading Part and Timing Information : Time (s): cpu = 00:00:12 ; elapsed = 00:00:14 . Memory (MB): peak = 771.426 ; gain = 497.973
---------------------------------------------------------------------------------
---------------------------------------------------------------------------------
Start Applying 'set_property' XDC Constraints
---------------------------------------------------------------------------------
---------------------------------------------------------------------------------
Finished applying 'set_property' XDC Constraints : Time (s): cpu = 00:00:12 ; elapsed = 00:00:14 . Memory (MB): peak = 771.426 ; gain = 497.973
---------------------------------------------------------------------------------
INFO: [Synth 8-5546] ROM "temporal" won't be mapped to RAM because it is too sparse
INFO: [Synth 8-5818] HDL ADVISOR - The operator resource <adder> is shared. To prevent sharing consider applying a KEEP on the output of the operator [C:/Users/Mario/Desktop/Trabajo_conMejoras/Trabajo_conMejoras.srcs/sources_1/new/bin_counter.vhd:61]
INFO: [Synth 8-5544] ROM "next_state" won't be mapped to Block RAM because address size (2) smaller than threshold (5)
INFO: [Synth 8-5544] ROM "next_state" won't be mapped to Block RAM because address size (2) smaller than threshold (5)
INFO: [Synth 8-5544] ROM "next_state" won't be mapped to Block RAM because address size (2) smaller than threshold (5)
WARNING: [Synth 8-327] inferring latch for variable 'next_state_reg' [C:/Users/Mario/Desktop/Trabajo_conMejoras/Trabajo_conMejoras.srcs/sources_1/new/maquina_contador.vhd:121]
---------------------------------------------------------------------------------
Finished RTL Optimization Phase 2 : Time (s): cpu = 00:00:12 ; elapsed = 00:00:14 . Memory (MB): peak = 771.426 ; gain = 497.973
---------------------------------------------------------------------------------

Report RTL Partitions: 
+-+--------------+------------+----------+
| |RTL Partition |Replication |Instances |
+-+--------------+------------+----------+
+-+--------------+------------+----------+
---------------------------------------------------------------------------------
Start RTL Component Statistics 
---------------------------------------------------------------------------------
Detailed RTL Component Info : 
+---Adders : 
	   2 Input     14 Bit       Adders := 1     
	   2 Input      4 Bit       Adders := 5     
	   2 Input      3 Bit       Adders := 2     
+---XORs : 
	   2 Input      1 Bit         XORs := 1     
+---Registers : 
	               14 Bit    Registers := 1     
	                8 Bit    Registers := 1     
	                7 Bit    Registers := 1     
	                4 Bit    Registers := 5     
	                3 Bit    Registers := 2     
	                2 Bit    Registers := 1     
	                1 Bit    Registers := 4     
+---Muxes : 
	   2 Input     26 Bit        Muxes := 1     
	   2 Input     14 Bit        Muxes := 1     
	   8 Input      8 Bit        Muxes := 1     
	   2 Input      1 Bit        Muxes := 8     
---------------------------------------------------------------------------------
Finished RTL Component Statistics 
---------------------------------------------------------------------------------
---------------------------------------------------------------------------------
Start RTL Hierarchical Component Statistics 
---------------------------------------------------------------------------------
Hierarchical RTL Component report 
Module maquina_contador 
Detailed RTL Component Info : 
+---Registers : 
	                2 Bit    Registers := 1     
+---Muxes : 
	   2 Input      1 Bit        Muxes := 3     
Module PulsadorAntiRebotes 
Detailed RTL Component Info : 
+---Adders : 
	   2 Input      4 Bit       Adders := 1     
+---XORs : 
	   2 Input      1 Bit         XORs := 1     
+---Registers : 
	                4 Bit    Registers := 1     
	                1 Bit    Registers := 2     
Module clkdivider1000 
Detailed RTL Component Info : 
+---Adders : 
	   2 Input     14 Bit       Adders := 1     
+---Registers : 
	               14 Bit    Registers := 1     
	                1 Bit    Registers := 1     
+---Muxes : 
	   2 Input     14 Bit        Muxes := 1     
	   2 Input      1 Bit        Muxes := 1     
Module clkdivider1 
Detailed RTL Component Info : 
+---Registers : 
	                1 Bit    Registers := 1     
+---Muxes : 
	   2 Input     26 Bit        Muxes := 1     
Module bin_counter 
Detailed RTL Component Info : 
+---Adders : 
	   2 Input      4 Bit       Adders := 1     
+---Registers : 
	                4 Bit    Registers := 1     
+---Muxes : 
	   2 Input      1 Bit        Muxes := 1     
Module DisplayRefresh 
Detailed RTL Component Info : 
+---Adders : 
	   2 Input      3 Bit       Adders := 2     
+---Registers : 
	                8 Bit    Registers := 1     
	                7 Bit    Registers := 1     
	                3 Bit    Registers := 2     
+---Muxes : 
	   8 Input      8 Bit        Muxes := 1     
---------------------------------------------------------------------------------
Finished RTL Hierarchical Component Statistics
---------------------------------------------------------------------------------
---------------------------------------------------------------------------------
Start Part Resource Summary
---------------------------------------------------------------------------------
Part Resources:
DSPs: 240 (col length:80)
BRAMs: 270 (col length: RAMB18 80 RAMB36 40)
---------------------------------------------------------------------------------
Finished Part Resource Summary
---------------------------------------------------------------------------------
---------------------------------------------------------------------------------
Start Cross Boundary and Area Optimization
---------------------------------------------------------------------------------
Warning: Parallel synthesis criteria is not met 
INFO: [Synth 8-5546] ROM "modulo_contador/clk1/temporal" won't be mapped to RAM because it is too sparse
INFO: [Synth 8-3333] propagating constant 0 across sequential element (\modulo_contador/displayRe/contador_reg[2] )
WARNING: [Synth 8-3332] Sequential element (modulo_contador/displayRe/contador_reg[2]) is unused and will be removed from module maquina_contador.
---------------------------------------------------------------------------------
Finished Cross Boundary and Area Optimization : Time (s): cpu = 00:00:13 ; elapsed = 00:00:16 . Memory (MB): peak = 771.426 ; gain = 497.973
---------------------------------------------------------------------------------

Report RTL Partitions: 
+-+--------------+------------+----------+
| |RTL Partition |Replication |Instances |
+-+--------------+------------+----------+
+-+--------------+------------+----------+
---------------------------------------------------------------------------------
Start Applying XDC Timing Constraints
---------------------------------------------------------------------------------
---------------------------------------------------------------------------------
Finished Applying XDC Timing Constraints : Time (s): cpu = 00:00:23 ; elapsed = 00:00:27 . Memory (MB): peak = 771.426 ; gain = 497.973
---------------------------------------------------------------------------------
---------------------------------------------------------------------------------
Start Timing Optimization
---------------------------------------------------------------------------------
---------------------------------------------------------------------------------
Finished Timing Optimization : Time (s): cpu = 00:00:23 ; elapsed = 00:00:27 . Memory (MB): peak = 771.426 ; gain = 497.973
---------------------------------------------------------------------------------

Report RTL Partitions: 
+-+--------------+------------+----------+
| |RTL Partition |Replication |Instances |
+-+--------------+------------+----------+
+-+--------------+------------+----------+
---------------------------------------------------------------------------------
Start Technology Mapping
---------------------------------------------------------------------------------
---------------------------------------------------------------------------------
Finished Technology Mapping : Time (s): cpu = 00:00:23 ; elapsed = 00:00:27 . Memory (MB): peak = 788.129 ; gain = 514.676
---------------------------------------------------------------------------------

Report RTL Partitions: 
+-+--------------+------------+----------+
| |RTL Partition |Replication |Instances |
+-+--------------+------------+----------+
+-+--------------+------------+----------+
---------------------------------------------------------------------------------
Start IO Insertion
---------------------------------------------------------------------------------
---------------------------------------------------------------------------------
Start Flattening Before IO Insertion
---------------------------------------------------------------------------------
---------------------------------------------------------------------------------
Finished Flattening Before IO Insertion
---------------------------------------------------------------------------------
---------------------------------------------------------------------------------
Start Final Netlist Cleanup
---------------------------------------------------------------------------------
---------------------------------------------------------------------------------
Finished Final Netlist Cleanup
---------------------------------------------------------------------------------
---------------------------------------------------------------------------------
Finished IO Insertion : Time (s): cpu = 00:00:25 ; elapsed = 00:00:29 . Memory (MB): peak = 788.129 ; gain = 514.676
---------------------------------------------------------------------------------

Report Check Netlist: 
+------+------------------+-------+---------+-------+------------------+
|      |Item              |Errors |Warnings |Status |Description       |
+------+------------------+-------+---------+-------+------------------+
|1     |multi_driven_nets |      0|        0|Passed |Multi driven nets |
+------+------------------+-------+---------+-------+------------------+
---------------------------------------------------------------------------------
Start Renaming Generated Instances
---------------------------------------------------------------------------------
---------------------------------------------------------------------------------
Finished Renaming Generated Instances : Time (s): cpu = 00:00:25 ; elapsed = 00:00:29 . Memory (MB): peak = 788.129 ; gain = 514.676
---------------------------------------------------------------------------------

Report RTL Partitions: 
+-+--------------+------------+----------+
| |RTL Partition |Replication |Instances |
+-+--------------+------------+----------+
+-+--------------+------------+----------+
---------------------------------------------------------------------------------
Start Rebuilding User Hierarchy
---------------------------------------------------------------------------------
---------------------------------------------------------------------------------
Finished Rebuilding User Hierarchy : Time (s): cpu = 00:00:25 ; elapsed = 00:00:29 . Memory (MB): peak = 788.129 ; gain = 514.676
---------------------------------------------------------------------------------
---------------------------------------------------------------------------------
Start Renaming Generated Ports
---------------------------------------------------------------------------------
---------------------------------------------------------------------------------
Finished Renaming Generated Ports : Time (s): cpu = 00:00:25 ; elapsed = 00:00:29 . Memory (MB): peak = 788.129 ; gain = 514.676
---------------------------------------------------------------------------------
---------------------------------------------------------------------------------
Start Handling Custom Attributes
---------------------------------------------------------------------------------
---------------------------------------------------------------------------------
Finished Handling Custom Attributes : Time (s): cpu = 00:00:25 ; elapsed = 00:00:29 . Memory (MB): peak = 788.129 ; gain = 514.676
---------------------------------------------------------------------------------
---------------------------------------------------------------------------------
Start Renaming Generated Nets
---------------------------------------------------------------------------------
---------------------------------------------------------------------------------
Finished Renaming Generated Nets : Time (s): cpu = 00:00:25 ; elapsed = 00:00:29 . Memory (MB): peak = 788.129 ; gain = 514.676
---------------------------------------------------------------------------------
---------------------------------------------------------------------------------
Start Writing Synthesis Report
---------------------------------------------------------------------------------

Report BlackBoxes: 
+-+--------------+----------+
| |BlackBox name |Instances |
+-+--------------+----------+
+-+--------------+----------+

Report Cell Usage: 
+------+-------+------+
|      |Cell   |Count |
+------+-------+------+
|1     |BUFG   |     1|
|2     |CARRY4 |    14|
|3     |LUT1   |     8|
|4     |LUT2   |    53|
|5     |LUT3   |    10|
|6     |LUT4   |    13|
|7     |LUT5   |    12|
|8     |LUT6   |    34|
|9     |FDCE   |    60|
|10    |FDRE   |    18|
|11    |FDSE   |     8|
|12    |LDCP   |     2|
|13    |IBUF   |     5|
|14    |OBUF   |    15|
+------+-------+------+

Report Instance Areas: 
+------+------------------+--------------------+------+
|      |Instance          |Module              |Cells |
+------+------------------+--------------------+------+
|1     |top               |                    |   253|
|2     |  modulo_contador |just_counter        |   211|
|3     |    clk1          |clkdivider1000      |    37|
|4     |    clk2          |clkdivider1         |    74|
|5     |    countcent     |bin_counter         |    17|
|6     |    countdec      |bin_counter_0       |    20|
|7     |    countmil      |bin_counter_1       |    16|
|8     |    countunid     |bin_counter_2       |    17|
|9     |    displayRe     |DisplayRefresh      |    30|
|10    |  pulsador        |PulsadorAntiRebotes |    13|
+------+------------------+--------------------+------+
---------------------------------------------------------------------------------
Finished Writing Synthesis Report : Time (s): cpu = 00:00:25 ; elapsed = 00:00:29 . Memory (MB): peak = 788.129 ; gain = 514.676
---------------------------------------------------------------------------------
Synthesis finished with 0 errors, 0 critical warnings and 2 warnings.
Synthesis Optimization Runtime : Time (s): cpu = 00:00:16 ; elapsed = 00:00:21 . Memory (MB): peak = 788.129 ; gain = 170.469
Synthesis Optimization Complete : Time (s): cpu = 00:00:25 ; elapsed = 00:00:29 . Memory (MB): peak = 788.129 ; gain = 514.676
INFO: [Project 1-571] Translating synthesized netlist
INFO: [Netlist 29-17] Analyzing 21 Unisim elements for replacement
INFO: [Netlist 29-28] Unisim Transformation completed in 0 CPU seconds
INFO: [Project 1-570] Preparing netlist for logic optimization
INFO: [Opt 31-138] Pushed 0 inverter(s) to 0 load pin(s).
INFO: [Project 1-111] Unisim Transformation Summary:
  A total of 2 instances were transformed.
  LDCP => LDCP (GND, LUT3, LUT3, LDCE, VCC): 2 instances

INFO: [Common 17-83] Releasing license: Synthesis
49 Infos, 6 Warnings, 0 Critical Warnings and 0 Errors encountered.
synth_design completed successfully
synth_design: Time (s): cpu = 00:00:27 ; elapsed = 00:00:32 . Memory (MB): peak = 792.285 ; gain = 531.281
WARNING: [Constraints 18-5210] No constraint will be written out.
INFO: [Common 17-1381] The checkpoint 'C:/Users/Mario/Desktop/Trabajo_conMejoras/Trabajo_conMejoras.runs/synth_1/maquina_contador.dcp' has been generated.
INFO: [runtcl-4] Executing : report_utilization -file maquina_contador_utilization_synth.rpt -pb maquina_contador_utilization_synth.pb
report_utilization: Time (s): cpu = 00:00:01 ; elapsed = 00:00:00.046 . Memory (MB): peak = 792.285 ; gain = 0.000
INFO: [Common 17-206] Exiting Vivado at Fri Jan 18 19:44:44 2019...
